383 491
758 789
253 904
270 282
782 931
413 472
136 960
687 795
28 66
296 592
34 870
257 508
642 676
211 915
141 692
766 997
259 439
158 850
294 409
92 897
73 838
182 558
236 723
375 581
957 985
145 937
926 983
82 604
85 918
543 1001
769 961
508 956
712 713
538 678
151 176
968 991
955 975
537 885
562 825
120 190
487 813
74 474
560 673
587 971
932 976
691 923
752 767
400 896
528 897
773 875
668 841
520 589
363 680
412 611
903 1001
432 949
963 976
266 998
651 860
162 457
389 767
824 885
85 918
169 526
76 131
865 890
858 886
828 970
695 765
877 906
27 789
218 862
523 827
689 714
651 899
206 836
594 959
826 938
291 863
302 858
350 728
852 915
15 323
194 685
104 401
269 624
220 947
503 547
607 789
526 760
559 775
531 633
666 879
423 457
235 637
779 874
498 707
92 452
824 851
814 826
552 722
501 980
53 979
47 756
215 743
625 822
101 855
619 866
691 790
490 859
637 962
787 956
742 973
622 896
209 534
889 988
881 890
53 968
523 727
125 500
902 967
738 740
600 766
309 663
359 684
491 889
999 1001
201 379
727 989
170 264
698 957
440 783
99 647
139 386
917 945
621 911
631 897
368 779
499 807
380 1001
80 387
162 661
844 914
741 836
41 588
677 986
551 707
381 474
873 942
826 859
15 180
586 649
629 746
622 776
864 986
123 535
925 993
692 827
777 989
845 948
827 985
127 501
971 973
182 768
988 998
48 206
586 642
907 953
139 162
493 771
604 837
590 707
172 858
993 994
672 693
717 758
882 918
544 785
740 777
397 554
568 871
236 713
948 992
18 405
334 529
987 990
123 207
112 615
35 538
134 950
537 968
639 640
485 563
804 973
475 977
648 888
315 548
96 173
408 658
303 577
782 973
196 359
882 908
233 851
861 902
724 948
609 999
613 760
261 920
712 756
592 868
888 948
543 645
131 846
131 507
594 634
854 961
612 960
389 767
309 529
386 804
93 877
94 420
383 528
245 819
823 881
681 967
705 745
554 794
837 867
947 981
270 321
414 420
398 932
741 836
239 810
945 989
259 582
699 863
209 774
835 881
392 503
536 722
804 926
99 344
595 918
152 861
195 473
621 787
681 819
415 921
889 939
792 992
732 922
232 932
120 709
641 974
113 409
134 857
715 727
951 992
553 606
755 997
637 802
97 330
636 996
610 930
257 513
244 772
450 533
813 850
883 974
596 944
346 857
236 683
431 638
900 903
238 685
157 828
797 859
770 804
673 793
119 541
4 204
832 915
340 944
430 883
297 815
245 504
124 814
765 912
488 710
760 771
236 289
880 918
137 591
968 988
204 999
838 902
996 997
932 994
540 813
764 860
992 996
626 855
23 698
73 685
397 808
787 965
489 728
523 565
381 857
909 937
364 957
631 769
732 867
908 927
280 762
881 977
381 735
637 754
534 872
761 949
648 672
302 940
286 700
188 774
203 711
649 982
833 999
607 816
434 464
900 984
839 972
220 908
484 805
205 737
781 809
722 898
708 885
652 967
848 888
738 886
939 972
682 927
91 427
183 239
196 566
475 751
452 634
954 986
643 875
680 737
130 768
352 701
888 912
79 277
998 1001
852 916
844 922
535 603
958 995
410 968
823 828
107 135
146 301
736 839
187 648
756 792
664 893
6 432
403 861
711 751
314 799
552 694
147 511
517 906
332 425
71 109
838 866
739 911
986 1001
260 265
149 974
737 911
12 199
712 982
705 843
28 261
674 835
453 453
48 249
95 577
509 615
809 818
996 996
364 849
959 993
859 909
120 202
780 990
427 815
638 778
89 116
754 928
375 803
764 909
199 431
378 758
330 409
853 859
597 992
117 465
896 916
210 728
867 934
189 557
730 817
984 996
251 978
520 965
514 542
117 654
701 785
376 697
133 264
286 767
510 957
549 800
416 606
289 800
78 954
766 981
218 723
17 845
643 711
241 430
51 987
62 406
723 744
788 866
682 793
662 975
538 871
141 685
150 737
528 887
805 962
661 783
224 831
610 934
333 422
249 394
614 801
171 257
528 673
157 190
310 456
694 909
763 788
466 926
601 626
52 182
863 867
495 911
343 487
411 697
230 490
330 736
285 705
542 617
132 927
251 310
151 801
22 618
688 861
570 708
603 735
633 979
826 972
355 489
100 815
450 555
47 154
19 881
920 926
830 835
826 882
534 599
205 648
625 748
426 997
132 846
791 957
45 203
423 456
288 416
881 884
463 860
770 866
369 865
86 651
877 980
754 838
154 805
355 570
22 924
820 846
569 748
202 705
438 708
908 985
898 915
792 845
244 401
141 870
1000 1000
565 950
175 190
566 687
96 817
488 917
799 911
671 831
244 736
45 95
258 373
410 989
629 858
334 387
684 713
800 865
476 481
306 387
103 216
563 953
923 925
763 790
941 965
264 731
287 931
85 300
661 929
63 148
144 957
974 976
674 675
912 983
472 676
384 982
483 745
780 931
660 764
512 552
214 909
731 857
610 795
712 838
535 589
323 437
178 843
739 850
563 815
965 983
925 975
331 439
452 760
545 760
692 765
546 998
837 898
362 861
289 948
852 985
78 598
75 449
270 788
153 396
91 634
29 902
444 503
972 995
950 976
244 493
736 994
582 713
927 950
34 573
68 319
425 671
352 760
787 839
21 127
274 729
263 825
363 618
938 970
187 441
5 761
329 625
884 952
740 917
703 910
37 961
934 952
909 932
669 927
839 870
147 595
135 611
623 644
517 969
613 889
709 800
602 692
897 910
503 968
828 863
476 671
706 869
662 930
951 976
571 883
796 812
49 107
168 724
737 755
185 693
582 796
85 285
172 885
295 860
36 252
204 213
712 980
78 892
630 904
815 921
168 355
789 909
902 909
892 984
641 995
187 362
265 282
79 151
149 582
95 422
157 467
926 992
339 644
223 304
769 990
62 709
423 848
855 856
655 784
625 690
827 839
195 434
843 856
857 891
256 474
909 986
18 201
494 579
827 877
930 990
86 987
31 970
480 896
93 1000
626 828
447 866
670 885
346 617
736 843
214 561
833 981
384 851
755 972
369 687
390 715
589 896
900 965
145 708
193 725
399 888
216 937
1000 1001
282 573
9 434
652 790
683 871
576 735
390 447
934 959
372 838
553 650
125 373
560 928
946 972
882 947
456 709
203 538
587 844
320 746
715 842
159 170
884 924
368 743
453 764
352 546
24 122
5 430
919 945
540 587
268 373
301 984
329 989
249 430
791 962
944 982
152 673
960 990
327 421
472 878
525 904
790 834
96 225
130 438
400 462
866 904
268 479
645 830
731 977
745 786
285 294
871 1001
522 558
718 740
452 549
394 674
951 956
207 743
186 405
243 875
464 474
611 891
154 251
79 784
487 975
476 802
679 746
638 797
239 453
309 911
975 988
440 667
536 893
471 647
509 950
444 758
318 633
534 640
317 925
112 754
550 936
797 810
116 624
645 736
632 951
309 383
1000 1001
650 799
910 957
877 947
731 787
799 996
650 917
623 724
303 803
482 490
969 970
506 523
194 402
639 884
883 899
248 718
929 989
810 843
299 449
667 914
363 826
399 543
723 778
747 810
856 937
105 586
130 311
426 507
566 998
905 996
764 973
5 863
200 368
358 514
947 997
252 869
532 598
931 953
488 629
829 834
170 723
197 279
67 307
855 855
270 702
450 459
372 524
588 673
289 328
783 981
70 659
304 547
547 673
583 673
7 474
328 1001
267 604
55 953
886 933
69 85
56 634
265 641
800 839
900 930
308 310
507 932
713 951
560 704
313 533
275 950
980 996
544 954
677 855
548 997
301 433
385 914
815 948
780 894
4 896
108 968
224 569
445 455
119 311
705 876
359 870
749 788
908 950
818 842
264 648
917 949
80 867
656 701
491 517
423 615
547 757
252 542
468 567
695 881
722 945
433 549
590 994
42 695
306 954
363 654
399 998
431 846
736 748
363 987
658 801
697 718
773 854
366 526
110 263
279 684
574 812
555 587
603 842
945 962
151 901
624 630
301 406
414 927
454 919
980 992
944 960
575 873
692 705
284 726
690 768
921 933
34 775
846 910
936 940
311 646
318 534
775 816
810 869
141 515
596 848
247 416
849 878
554 989
477 522
505 961
477 867
814 833
401 818
896 917
168 567
617 697
520 757
108 732
962 965
226 498
791 812
881 996
814 878
675 801
625 654
662 775
799 886
881 933
397 470
393 436
594 687
691 905
962 975
528 564
226 651
732 972
227 417
10 718
234 885
948 981
816 850
444 586
656 879
359 394
58 159
567 777
757 928
272 716
461 624
708 717
529 856
894 922
964 970
284 929
600 844
220 707
408 606
206 528
661 675
485 852
412 606
506 542
307 949
791 968
586 933
154 618
779 999
743 896
166 673
112 827
280 459
737 888
20 176
508 611
582 946
535 842
279 733
539 617
560 791
138 457
979 982
470 973
521 794
280 341
455 494
419 962
420 859
672 944
288 964
431 887
590 834
799 961
819 874
