725 962 179
221 589 144
37 647 144
428 551 142
652 980 179
353 693 145
390 923 179
216 724 171
200 634 144
754 972 179
466 677 145
462 949 179
891 984 174
591 771 171
103 699 145
977 994 143
418 814 171
374 640 142
923 990 174
928 955 174
182 658 145
745 913 179
252 834 171
437 763 171
403 643 142
230 676 145
854 872 179
300 463 144
609 857 171
133 144 104
965 997 143
596 644 132
573 829 171
891 908 117
994 997 50
2 8 17
964 982 143
531 797 171
43 280 128
636 729 171
200 341 144
543 854 171
413 738 171
369 477 134
739 822 153
619 635 132
660 891 179
505 727 171
82 770 171
854 926 179
216 640 144
752 818 153
435 906 179
732 810 153
472 793 171
490 630 142
458 687 145
547 987 179
955 986 143
716 783 153
6 338 144
800 935 179
919 952 174
554 952 179
900 945 174
875 950 174
575 633 132
5 407 144
28 367 144
235 864 171
613 813 171
284 542 144
242 890 179
466 737 171
668 843 171
592 634 132
610 685 145
673 795 171
766 983 179
704 934 179
503 851 171
896 956 174
931 997 174
880 982 174
970 985 143
731 865 153
108 543 144
154 917 179
11 383 144
839 857 104
823 992 179
245 326 131
649 888 179
655 1001 179
220 831 171
320 989 179
785 912 179
458 991 179
468 876 179
346 819 171
883 952 174
120 482 144
205 296 128
925 971 174
226 387 144
141 677 145
324 969 179
236 776 171
59 447 144
7 381 144
658 926 179
142 756 171
897 976 174
59 700 145
270 743 171
57 716 171
836 951 179
955 974 143
359 432 134
327 962 179
466 660 145
421 920 179
66 204 125
696 745 171
715 816 153
966 982 143
573 875 179
930 976 174
300 549 144
321 840 171
336 911 179
571 756 171
763 782 153
32 877 179
225 993 179
223 671 145
809 984 179
406 556 142
267 604 144
65 940 179
787 807 122
573 752 171
421 814 171
295 676 145
524 774 171
287 720 171
375 759 171
328 900 179
994 996 50
738 866 153
738 913 179
731 976 179
624 895 179
149 784 171
753 966 179
429 644 142
721 762 140
418 497 142
957 992 143
251 957 179
529 672 145
610 695 145
587 879 179
862 967 179
330 872 179
197 547 144
186 345 144
530 672 145
827 990 179
170 700 145
324 480 144
296 816 171
252 321 131
326 909 179
517 692 145
195 978 179
853 993 179
968 979 143
890 937 174
436 523 142
615 638 132
805 878 179
870 959 179
432 839 171
613 824 171
399 651 145
769 839 153
684 716 171
387 849 171
502 733 171
141 147 117
642 837 171
706 890 179
357 812 171
726 951 179
83 459 144
926 989 174
390 591 142
730 956 179
142 178 125
849 865 148
831 901 179
563 678 145
888 940 174
688 985 179
891 998 174
715 905 179
509 979 179
906 946 174
524 632 137
201 392 144
923 943 174
718 784 153
109 555 144
292 414 144
252 648 144
383 994 179
808 832 135
700 833 171
94 603 144
977 985 143
701 739 171
681 720 171
440 802 171
522 847 171
772 943 179
190 350 144
528 992 179
247 828 171
629 834 171
159 673 145
136 708 171
935 997 174
72 132 122
354 461 134
215 526 144
122 852 171
806 851 135
707 846 153
498 539 124
821 976 179
548 954 179
617 942 179
234 852 171
692 768 171
783 855 135
137 619 144
607 611 132
357 511 142
255 962 179
123 736 171
258 707 171
151 658 145
793 897 179
212 266 128
77 304 128
621 778 171
691 691 127
973 991 143
771 862 153
507 881 179
694 943 179
138 618 144
48 707 171
156 820 171
822 867 148
609 785 171
338 631 142
547 750 171
766 782 153
153 303 128
546 696 145
347 634 142
235 855 171
741 759 140
946 994 143
417 417 134
696 931 179
294 674 145
566 881 179
548 727 171
64 805 171
463 600 142
276 282 43
11 658 145
829 880 179
284 781 171
717 987 179
702 726 171
343 725 171
168 265 128
894 963 174
661 981 179
611 850 171
940 968 143
818 892 179
922 933 130
231 712 171
972 973 99
120 760 171
25 252 128
871 895 179
955 967 143
217 672 145
847 900 179
852 882 179
537 943 179
450 820 171
260 963 179
727 830 153
120 382 144
984 989 50
238 658 145
639 820 171
851 1000 179
387 619 142
539 722 171
979 984 143
196 604 144
41 707 171
160 306 128
771 940 179
623 999 179
393 462 134
788 973 179
18 706 171
855 924 179
933 984 174
892 947 174
320 754 171
264 552 144
635 752 171
684 870 171
137 956 179
463 884 179
630 676 145
363 545 142
498 753 171
725 900 179
298 631 144
252 775 171
448 662 145
106 244 128
855 948 179
671 674 114
658 734 171
505 720 171
104 161 122
644 810 171
636 702 145
415 760 171
797 923 179
702 871 179
132 275 128
398 498 142
284 487 144
565 864 171
280 775 171
860 917 179
653 999 179
808 908 179
825 832 135
768 991 179
1 714 171
683 983 179
577 1001 179
719 836 153
942 975 143
510 510 49
272 425 144
978 988 143
882 918 148
638 640 132
790 915 179
594 928 179
872 983 174
673 689 127
669 973 179
330 488 142
180 582 144
633 844 171
673 973 179
804 839 135
180 250 128
264 717 171
242 315 131
908 924 130
471 913 179
257 580 144
884 910 148
810 872 179
807 912 179
875 901 148
755 860 153
754 912 179
433 639 142
844 856 104
310 535 144
925 977 174
237 401 144
377 598 142
58 398 144
128 813 171
302 559 144
921 935 130
927 929 130
950 958 55
504 963 179
110 293 128
985 996 112
16 223 125
550 704 171
327 568 144
110 925 179
848 873 179
31 176 125
999 1001 143
372 863 171
101 860 171
937 974 174
390 712 171
64 853 171
275 785 171
173 565 144
917 927 130
164 239 128
752 793 153
780 892 179
284 655 145
553 588 137
286 528 144
768 821 153
981 988 143
323 590 144
934 938 174
647 900 179
703 880 179
805 912 179
273 614 144
272 400 144
420 973 179
366 562 142
349 466 134
911 966 174
940 992 143
861 937 179
97 255 128
747 944 179
106 846 171
98 125 114
369 380 108
212 847 171
312 467 144
692 982 179
526 722 171
591 791 171
274 480 144
893 988 174
866 952 179
487 993 179
305 594 144
317 931 179
425 592 142
78 101 119
339 709 171
287 336 144
732 812 153
966 989 143
650 768 171
819 853 135
150 722 171
197 745 171
93 302 128
209 660 145
843 884 179
529 632 137
77 150 122
142 562 144
338 933 179
556 582 119
465 784 171
93 351 144
158 392 144
488 938 179
69 725 171
795 991 179
178 319 131
526 596 137
117 766 171
138 596 144
73 966 179
356 391 121
383 951 179
363 570 142
150 528 144
124 726 171
744 991 179
994 999 50
281 914 179
936 998 174
914 985 174
386 644 142
99 292 128
525 905 179
619 969 179
104 128 114
192 246 128
127 598 144
157 212 125
720 883 179
756 945 179
723 901 179
397 606 142
901 962 174
971 997 143
97 227 125
883 950 174
584 864 171
322 414 144
430 859 171
79 474 144
615 798 171
862 882 179
333 736 171
405 892 179
16 716 171
540 893 179
126 986 179
441 561 142
518 799 171
340 726 171
664 782 171
799 954 179
514 928 179
43 76 116
300 782 171
851 857 104
557 652 145
175 970 179
63 568 144
944 965 130
135 732 171
536 911 179
375 684 145
589 960 179
849 882 179
511 704 171
586 818 171
715 966 179
392 528 142
47 541 144
928 974 174
522 879 179
3 405 144
136 616 144
256 771 171
953 964 130
361 536 142
939 956 130
985 985 24
720 831 153
879 902 148
837 929 179
936 984 174
59 465 144
129 563 144
308 424 144
691 892 179
477 485 98
900 923 130
340 981 179
288 854 171
870 966 179
973 978 143
262 471 144
424 748 171
927 993 174
628 787 171
102 196 125
604 821 171
110 684 145
29 700 145
12 772 171
146 797 171
954 995 143
207 908 179
6 419 144
982 996 143
86 131 122
475 661 145
980 988 143
376 528 142
532 626 137
132 937 179
696 955 179
508 816 171
87 797 171
277 460 144
363 916 179
209 755 171
565 827 171
881 928 148
477 953 179
118 922 179
8 845 171
314 426 144
445 875 179
929 990 174
151 876 179
928 984 174
199 487 144
95 324 131
143 845 171
351 899 179
678 719 171
618 659 145
65 866 171
134 934 179
103 655 145
925 987 174
734 766 153
20 376 144
584 855 171
674 944 179
866 896 179
810 979 179
838 929 179
719 942 179
438 774 171
673 954 179
107 722 171
808 838 135
269 793 171
233 284 128
72 266 128
221 585 144
636 770 171
197 916 179
15 886 179
95 841 171
847 873 179
838 903 179
69 466 144
570 978 179
722 844 153
169 738 171
888 984 174
324 743 171
621 987 179
763 919 179
321 556 144
490 978 179
363 901 179
971 994 143
915 942 174
183 277 128
997 1001 143
547 811 171
349 669 145
395 761 171
227 430 144
869 907 179
890 936 130
95 536 144
940 940 130
69 906 179
735 843 153
569 970 179
783 845 135
148 347 144
25 486 144
548 963 179
82 502 144
781 875 179
424 639 142
475 689 145
395 944 179
65 830 171
436 842 171
176 478 144
399 816 171
720 837 153
405 783 171
406 835 171
662 807 171
661 881 179
122 713 171
282 597 144
869 972 179
471 991 179
568 632 132
549 654 145
419 559 142
94 455 144
9 163 122
14 423 144
400 529 142
410 628 142
5 726 171
94 989 179
522 885 179
236 518 144
1 406 144
831 906 179
168 589 144
205 894 179
303 318 131
977 981 99
286 660 145
125 955 179
651 713 171
405 450 134
916 937 174
630 661 145
423 654 145
109 948 179
974 991 143
480 785 171
718 875 179
956 996 143
440 698 145
993 1000 112
502 574 137
275 604 144
704 876 179
779 793 122
162 502 144
183 907 179
179 948 179
823 976 179
632 678 145
891 935 130
831 882 179
303 742 171
749 857 153
713 722 52
65 278 128
299 312 118
570 675 145
157 978 179
963 975 143
152 702 145
672 950 179
855 958 179
251 973 179
906 954 174
12 854 171
218 857 171
16 416 144
501 864 171
99 389 144
301 954 179
451 859 171
612 904 179
407 507 142
897 980 174
722 818 153
79 425 144
931 985 174
378 686 145
591 944 179
609 988 179
565 807 171
419 860 171
827 979 179
950 986 143
909 995 174
378 523 142
728 742 140
800 948 179
292 567 144
913 988 174
882 988 174
144 161 117
745 836 153
200 732 171
133 686 145
614 937 179
723 766 153
974 990 143
445 851 171
547 857 171
180 419 144
554 768 171
766 884 179
571 579 106
460 542 142
916 944 174
919 998 174
169 584 144
379 768 171
80 790 171
77 435 144
551 722 171
511 841 171
761 836 153
278 830 171
263 297 123
272 303 118
217 692 145
898 941 174
51 580 144
31 929 179
948 952 37
783 926 179
220 727 171
22 157 122
81 568 144
600 618 132
614 896 179
443 765 171
746 937 179
629 828 171
299 677 145
366 456 134
648 934 179
258 448 144
514 536 124
574 823 171
240 241 22
961 990 143
772 992 179
899 931 130
172 974 179
494 589 137
106 595 144
625 789 171
788 913 179
747 930 179
353 775 171
20 290 128
782 898 179
83 741 171
329 792 171
211 935 179
85 759 171
125 963 179
73 875 179
242 615 144
409 568 142
613 956 179
7 467 144
510 731 171
608 801 171
331 652 145
579 746 171
567 845 171
649 749 171
457 918 179
210 360 144
304 417 144
749 799 153
15 817 171
805 834 135
439 995 179
762 810 153
952 983 143
770 884 179
773 789 153
925 948 174
890 925 130
347 365 126
889 924 148
159 940 179
217 990 179
385 925 179
511 1001 179
137 378 144
967 977 143
38 779 171
776 939 179
551 905 179
543 963 179
399 893 179
280 601 144
426 603 142
423 858 171
666 879 179
999 1001 143
687 855 171
86 622 144
308 610 144
766 779 153
467 548 142
916 950 174
483 608 142
708 823 153
589 959 179
527 997 179
474 949 179
173 420 144
293 885 179
532 748 171
907 926 130
28 506 144
360 399 121
25 148 122
838 873 179
816 831 135
755 919 179
433 569 142
541 627 137
648 727 171
542 616 137
897 916 130
403 418 134
311 663 145
729 904 179
256 938 179
836 945 179
791 934 179
175 622 144
253 733 171
123 433 144
800 912 179
293 604 144
389 561 142
185 564 144
391 704 171
494 957 179
966 990 143
815 927 179
967 990 143
203 808 171
797 940 179
911 967 174
694 851 171
420 952 179
77 213 125
686 982 179
291 529 144
619 838 171
963 967 143
441 789 171
862 904 179
877 954 174
93 927 179
755 877 179
186 574 144
85 728 171
331 465 134
845 854 60
47 712 171
628 944 179
601 634 132
497 887 179
783 830 135
628 714 171
883 973 174
399 918 179
252 572 144
867 949 179
324 699 145
770 789 153
719 874 179
518 646 137
494 819 171
680 962 179
939 989 143
51 267 128
659 786 171
756 901 179
569 773 171
184 399 144
744 900 179
676 865 171
873 925 148
611 939 179
81 161 122
392 832 171
907 979 174
16 886 179
303 543 144
304 764 171
800 833 135
21 825 171
350 798 171
301 413 144
949 950 37
499 889 179
640 734 171
115 607 144
938 952 130
995 999 50
85 677 145
133 643 144
547 817 171
722 835 153
997 997 50
263 329 144
753 849 153
206 432 144
830 997 179
396 897 179
753 815 153
507 528 124
451 788 171
418 735 171
450 961 179
68 381 144
